1602225739598	geckodriver	INFO	Listening on 127.0.0.1:35969
1602225739629	mozrunner::runner	INFO	Running command: "/usr/bin/firefox" "--marionette" "-headless" "-foreground" "-no-remote" "-profile" "/tmp/rust_mozprofilerNWwfR"
*** You are running in headless mode.
Gtk-Message: 12:12:19.725: Failed to load module "pantheon-filechooser-module"
Exiting due to channel error.
Exiting due to channel error.
1602225754566	geckodriver	INFO	Listening on 127.0.0.1:46473
1602225754575	mozrunner::runner	INFO	Running command: "/usr/bin/firefox" "--marionette" "-foreground" "-no-remote" "-profile" "/tmp/rust_mozprofileYfJr6R"
Gtk-Message: 12:12:34.606: Failed to load module "pantheon-filechooser-module"
Gtk-Message: 12:12:35.993: Failed to load module "pantheon-filechooser-module"
Gtk-Message: 12:12:36.182: Failed to load module "pantheon-filechooser-module"
console.error: SearchCache: "_readCacheFile: Error reading cache file:" (new Error("", "(unknown module)"))
Gtk-Message: 12:12:38.257: Failed to load module "pantheon-filechooser-module"
1602225759094	Marionette	INFO	Listening on port 33587
1602225759103	Marionette	WARN	TLS certificate errors will be ignored for this session
Marionette threw an error: TypeError: this.curBrowser.contentBrowser is null
GeckoDriver.prototype.navigateTo@chrome://marionette/content/driver.js:1248:3

JavaScript error: resource://devtools/client/jsonview/Sniffer.jsm, line 53: NS_ERROR_NOT_AVAILABLE: Component returned failure code: 0x80040111 (NS_ERROR_NOT_AVAILABLE) [nsIChannel.contentType]
Gtk-Message: 12:12:41.694: Failed to load module "pantheon-filechooser-module"
1602225762222	Marionette	ERROR	[23] No reply from Marionette:Register
Gtk-Message: 12:12:43.114: Failed to load module "pantheon-filechooser-module"
1602225767433	Marionette	INFO	Stopped listening on port 33587
1602225874123	geckodriver	INFO	Listening on 127.0.0.1:56227
1602225874132	mozrunner::runner	INFO	Running command: "/usr/bin/firefox" "--marionette" "-headless" "-foreground" "-no-remote" "-profile" "/tmp/rust_mozprofilejazyug"
*** You are running in headless mode.
Gtk-Message: 12:14:34.201: Failed to load module "pantheon-filechooser-module"
console.error: SearchCache: "_readCacheFile: Error reading cache file:" (new Error("", "(unknown module)"))
1602225879121	Marionette	INFO	Listening on port 40649
1602225879159	Marionette	WARN	TLS certificate errors will be ignored for this session
1602225883457	geckodriver	INFO	Listening on 127.0.0.1:44193
1602225883466	mozrunner::runner	INFO	Running command: "/usr/bin/firefox" "--marionette" "-headless" "-foreground" "-no-remote" "-profile" "/tmp/rust_mozprofile1nPfS2"
*** You are running in headless mode.
Gtk-Message: 12:14:43.497: Failed to load module "pantheon-filechooser-module"
console.error: SearchCache: "_readCacheFile: Error reading cache file:" (new Error("", "(unknown module)"))
1602225887149	Marionette	INFO	Listening on port 44037
1602225887187	Marionette	WARN	TLS certificate errors will be ignored for this session
1602225902342	geckodriver	INFO	Listening on 127.0.0.1:49731
1602225902351	mozrunner::runner	INFO	Running command: "/usr/bin/firefox" "--marionette" "-headless" "-foreground" "-no-remote" "-profile" "/tmp/rust_mozprofiled0FKWh"
*** You are running in headless mode.
Gtk-Message: 12:15:02.386: Failed to load module "pantheon-filechooser-module"
console.error: SearchCache: "_readCacheFile: Error reading cache file:" (new Error("", "(unknown module)"))
1602225905853	Marionette	INFO	Listening on port 44031
1602225905869	Marionette	WARN	TLS certificate errors will be ignored for this session
JavaScript warning: https://pagead2.googlesyndication.com/bg/CrE1yZ0XDC5ogwV0DdLcRYcLenmcbaA1q0bi-X3sD0w.js line 1 > eval line 5746 > eval, line 1: WebGL warning: <Create>: Can't use WebGL in headless mode (https://bugzil.la/1375585).
JavaScript warning: https://pagead2.googlesyndication.com/bg/CrE1yZ0XDC5ogwV0DdLcRYcLenmcbaA1q0bi-X3sD0w.js line 1 > eval line 5746 > eval, line 1: Failed to create WebGL context: WebGL creation failed: 
* Can't use WebGL in headless mode (https://bugzil.la/1375585).
Exiting due to channel error.
Exiting due to channel error.
Exiting due to channel error.
1602225936249	geckodriver	INFO	Listening on 127.0.0.1:59705
1602225936257	mozrunner::runner	INFO	Running command: "/usr/bin/firefox" "--marionette" "-foreground" "-no-remote" "-profile" "/tmp/rust_mozprofileyVOQiL"
Gtk-Message: 12:15:36.289: Failed to load module "pantheon-filechooser-module"
Gtk-Message: 12:15:37.631: Failed to load module "pantheon-filechooser-module"
Gtk-Message: 12:15:37.808: Failed to load module "pantheon-filechooser-module"
console.error: SearchCache: "_readCacheFile: Error reading cache file:" (new Error("", "(unknown module)"))
Gtk-Message: 12:15:39.447: Failed to load module "pantheon-filechooser-module"
1602225939808	Marionette	INFO	Listening on port 34403
1602225939874	Marionette	WARN	TLS certificate errors will be ignored for this session
console.error: Region.jsm: "Error fetching region" (new AbortError("The operation was aborted. ", (void 0), 697))
console.error: Region.jsm: "Failed to fetch region" (new Error("NO_RESULT", "resource://gre/modules/Region.jsm", 351))
JavaScript error: https://s.yimg.com/aaq/cmp/version/3.0.3/cmp.js, line 3: TypeError: e is null
console.error: "Error while calling actor 'layout's method 'getGrids'" "node is null"
console.error: "getGrids@resource://devtools/server/actors/layout.js:502:26\ngetGrids@resource://devtools/server/actors/layout.js:507:43\ngetGrids@resource://devtools/server/actors/layout.js:507:43\nhandler@resource://devtools/shared/protocol/Actor.js:166:37\nonPacket@resource://devtools/server/devtools-server-connection.js:379:58\nreceiveMessage@resource://devtools/shared/transport/child-transport.js:66:16\n"
1602226085023	geckodriver	INFO	Listening on 127.0.0.1:38371
1602226085054	mozrunner::runner	INFO	Running command: "/usr/bin/firefox" "--marionette" "-foreground" "-no-remote" "-profile" "/tmp/rust_mozprofilem7sGI8"
Gtk-Message: 12:18:05.106: Failed to load module "pantheon-filechooser-module"
Gtk-Message: 12:18:06.496: Failed to load module "pantheon-filechooser-module"
Gtk-Message: 12:18:06.683: Failed to load module "pantheon-filechooser-module"
console.error: SearchCache: "_readCacheFile: Error reading cache file:" (new Error("", "(unknown module)"))
Gtk-Message: 12:18:08.405: Failed to load module "pantheon-filechooser-module"
1602226088967	Marionette	INFO	Listening on port 46619
1602226089071	Marionette	WARN	TLS certificate errors will be ignored for this session
JavaScript error: https://tpc.googlesyndication.com/pagead/js/r20201006/r20110914/client/qs_click_protection_fy2019.js, line 14: NS_ERROR_NOT_INITIALIZED: 
console.error: "Error while calling actor 'layout's method 'getGrids'" "node is null"
console.error: "getGrids@resource://devtools/server/actors/layout.js:502:26\ngetGrids@resource://devtools/server/actors/layout.js:507:43\ngetGrids@resource://devtools/server/actors/layout.js:507:43\nhandler@resource://devtools/shared/protocol/Actor.js:166:37\nonPacket@resource://devtools/server/devtools-server-connection.js:379:58\nreceiveMessage@resource://devtools/shared/transport/child-transport.js:66:16\n"
JavaScript error: resource://devtools/client/inspector/rules/utils/utils.js, line 186: TypeError: rule is undefined
JavaScript error: resource://devtools/client/inspector/rules/utils/utils.js, line 186: TypeError: rule is undefined
JavaScript error: resource://devtools/client/inspector/rules/utils/utils.js, line 186: TypeError: rule is undefined
1602226428907	geckodriver	INFO	Listening on 127.0.0.1:36621
1602226428921	mozrunner::runner	INFO	Running command: "/usr/bin/firefox" "--marionette" "-foreground" "-no-remote" "-profile" "/tmp/rust_mozprofileuQX9GT"
Gtk-Message: 12:23:49.386: Failed to load module "pantheon-filechooser-module"
Gtk-Message: 12:23:51.166: Failed to load module "pantheon-filechooser-module"
Gtk-Message: 12:23:51.358: Failed to load module "pantheon-filechooser-module"
console.error: SearchCache: "_readCacheFile: Error reading cache file:" (new Error("", "(unknown module)"))
Gtk-Message: 12:23:53.471: Failed to load module "pantheon-filechooser-module"
1602226433886	Marionette	INFO	Listening on port 34439
1602226433960	Marionette	WARN	TLS certificate errors will be ignored for this session
1602226435716	Marionette	INFO	Stopped listening on port 46619
IPDL protocol error: Handler returned error code!

###!!! [Parent][DispatchAsyncMessage] Error: PLayerTransaction::Msg_ReleaseLayer Processing error: message was deserialized, but the handler returned false (indicating failure)

IPDL protocol error: Handler returned error code!

###!!! [Parent][DispatchAsyncMessage] Error: PLayerTransaction::Msg_ReleaseLayer Processing error: message was deserialized, but the handler returned false (indicating failure)

IPDL protocol error: Handler returned error code!

###!!! [Parent][DispatchAsyncMessage] Error: PLayerTransaction::Msg_ReleaseLayer Processing error: message was deserialized, but the handler returned false (indicating failure)

IPDL protocol error: Handler returned error code!

###!!! [Parent][DispatchAsyncMessage] Error: PLayerTransaction::Msg_ReleaseLayer Processing error: message was deserialized, but the handler returned false (indicating failure)

IPDL protocol error: Handler returned error code!

###!!! [Parent][DispatchAsyncMessage] Error: PLayerTransaction::Msg_ReleaseLayer Processing error: message was deserialized, but the handler returned false (indicating failure)

IPDL protocol error: Handler returned error code!

###!!! [Parent][DispatchAsyncMessage] Error: PLayerTransaction::Msg_ReleaseLayer Processing error: message was deserialized, but the handler returned false (indicating failure)

IPDL protocol error: Handler returned error code!

###!!! [Parent][DispatchAsyncMessage] Error: PLayerTransaction::Msg_ReleaseLayer Processing error: message was deserialized, but the handler returned false (indicating failure)

1602226483450	Marionette	INFO	Stopped listening on port 34403
1602226665241	geckodriver	INFO	Listening on 127.0.0.1:38617
1602226665249	mozrunner::runner	INFO	Running command: "/usr/bin/firefox" "--marionette" "-foreground" "-no-remote" "-profile" "/tmp/rust_mozprofilejxjPBn"
Gtk-Message: 12:27:45.279: Failed to load module "pantheon-filechooser-module"
Gtk-Message: 12:27:46.654: Failed to load module "pantheon-filechooser-module"
Gtk-Message: 12:27:46.872: Failed to load module "pantheon-filechooser-module"
console.error: SearchCache: "_readCacheFile: Error reading cache file:" (new Error("", "(unknown module)"))
JavaScript error: resource://activity-stream/lib/ActivityStreamPrefs.jsm, line 27: NS_ERROR_ILLEGAL_VALUE: Component returned failure code: 0x80070057 (NS_ERROR_ILLEGAL_VALUE) [nsIPrefBranch.removeObserver]
Gtk-Message: 12:27:48.880: Failed to load module "pantheon-filechooser-module"
console.error: Region.jsm: "Error fetching region" (new TypeError("NetworkError when attempting to fetch resource.", ""))
console.error: Region.jsm: "Failed to fetch region" (new Error("NO_RESULT", "resource://gre/modules/Region.jsm", 351))
console.log: "RemoteSettingsWorker error: Error: Can't import when we've started shutting down."
console.log: "RemoteSettingsWorker error: Error: Can't import when we've started shutting down."
console.log: "RemoteSettingsWorker error: Error: Can't import when we've started shutting down."
console.error: "Could not load engine google@search.mozilla.org: [Exception... \"AddonManager is not initialized\"  nsresult: \"0xc1f30001 (NS_ERROR_NOT_INITIALIZED)\"  location: \"JS frame :: resource://gre/modules/AddonManager.jsm :: installBuiltinAddon :: line 2529\"  data: no]"
console.error: "Could not load engine amazondotcom@search.mozilla.org: [Exception... \"AddonManager is not initialized\"  nsresult: \"0xc1f30001 (NS_ERROR_NOT_INITIALIZED)\"  location: \"JS frame :: resource://gre/modules/AddonManager.jsm :: installBuiltinAddon :: line 2529\"  data: no]"
console.error: "Could not load engine ddg@search.mozilla.org: [Exception... \"AddonManager is not initialized\"  nsresult: \"0xc1f30001 (NS_ERROR_NOT_INITIALIZED)\"  location: \"JS frame :: resource://gre/modules/AddonManager.jsm :: installBuiltinAddon :: line 2529\"  data: no]"
console.error: "Could not load engine bing@search.mozilla.org: [Exception... \"AddonManager is not initialized\"  nsresult: \"0xc1f30001 (NS_ERROR_NOT_INITIALIZED)\"  location: \"JS frame :: resource://gre/modules/AddonManager.jsm :: installBuiltinAddon :: line 2529\"  data: no]"
console.error: "Could not load engine wikipedia@search.mozilla.org: [Exception... \"AddonManager is not initialized\"  nsresult: \"0xc1f30001 (NS_ERROR_NOT_INITIALIZED)\"  location: \"JS frame :: resource://gre/modules/AddonManager.jsm :: installBuiltinAddon :: line 2529\"  data: no]"
console.warn: SearchService: "_init: abandoning init due to shutting down"
JavaScript error: , line 0: uncaught exception: 2147500036
JavaScript error: , line 0: uncaught exception: 2147500036
JavaScript error: , line 0: uncaught exception: 2147500036
JavaScript error: , line 0: uncaught exception: 2147500036
Gtk-Message: 12:27:50.977: Failed to load module "pantheon-filechooser-module"
JavaScript error: resource://activity-stream/lib/PlacesFeed.jsm, line 198: NS_ERROR_UNEXPECTED: Component returned failure code: 0x8000ffff (NS_ERROR_UNEXPECTED) [nsINavHistoryService.addObserver]
JavaScript error: resource://gre/modules/ExtensionSettingsStore.jsm, line 123: Error: The ExtensionSettingsStore was accessed before the initialize promise resolved.
JavaScript error: resource://gre/modules/IndexedDB.jsm, line 370: UnknownError: IDBDatabase.transaction: Can't start IndexedDB transaction during shutdown
JavaScript error: , line 0: uncaught exception: 2147500036
JavaScript error: , line 0: uncaught exception: 2147500036
1602226673404	Marionette	INFO	Stopped listening on port 34439
1602226676560	geckodriver	INFO	Listening on 127.0.0.1:40905
1602226676570	mozrunner::runner	INFO	Running command: "/usr/bin/firefox" "--marionette" "-foreground" "-no-remote" "-profile" "/tmp/rust_mozprofile5hPjha"
Gtk-Message: 12:27:56.600: Failed to load module "pantheon-filechooser-module"
Gtk-Message: 12:27:57.948: Failed to load module "pantheon-filechooser-module"
Gtk-Message: 12:27:58.142: Failed to load module "pantheon-filechooser-module"
console.error: SearchCache: "_readCacheFile: Error reading cache file:" (new Error("", "(unknown module)"))
Gtk-Message: 12:27:59.873: Failed to load module "pantheon-filechooser-module"
1602226680429	Marionette	INFO	Listening on port 36255
1602226680495	Marionette	WARN	TLS certificate errors will be ignored for this session
JavaScript error: , line 0: uncaught exception: undefined
JavaScript error: , line 0: uncaught exception: undefined
1602226752517	geckodriver	INFO	Listening on 127.0.0.1:53035
1602226752525	mozrunner::runner	INFO	Running command: "/usr/bin/firefox" "--marionette" "-foreground" "-no-remote" "-profile" "/tmp/rust_mozprofileTR9HMy"
Gtk-Message: 12:29:12.555: Failed to load module "pantheon-filechooser-module"
Gtk-Message: 12:29:14.081: Failed to load module "pantheon-filechooser-module"
Gtk-Message: 12:29:14.299: Failed to load module "pantheon-filechooser-module"
console.error: SearchCache: "_readCacheFile: Error reading cache file:" (new Error("", "(unknown module)"))
Gtk-Message: 12:29:17.735: Failed to load module "pantheon-filechooser-module"
1602226758106	Marionette	INFO	Listening on port 37877
1602226758147	Marionette	WARN	TLS certificate errors will be ignored for this session
1602226764213	Marionette	INFO	Stopped listening on port 36255
JavaScript error: , line 0: NotAllowedError: The play method is not allowed by the user agent or the platform in the current context, possibly because the user denied permission.
JavaScript error: , line 0: NotAllowedError: The play method is not allowed by the user agent or the platform in the current context, possibly because the user denied permission.
1602226871945	geckodriver	INFO	Listening on 127.0.0.1:44215
1602226871954	mozrunner::runner	INFO	Running command: "/usr/bin/firefox" "--marionette" "-foreground" "-no-remote" "-profile" "/tmp/rust_mozprofileefIvXm"
Gtk-Message: 12:31:11.984: Failed to load module "pantheon-filechooser-module"
Gtk-Message: 12:31:13.470: Failed to load module "pantheon-filechooser-module"
Gtk-Message: 12:31:13.700: Failed to load module "pantheon-filechooser-module"
console.error: SearchCache: "_readCacheFile: Error reading cache file:" (new Error("", "(unknown module)"))
IPDL protocol error: Handler returned error code!

###!!! [Parent][DispatchAsyncMessage] Error: PLayerTransaction::Msg_ReleaseLayer Processing error: message was deserialized, but the handler returned false (indicating failure)

IPDL protocol error: Handler returned error code!

###!!! [Parent][DispatchAsyncMessage] Error: PLayerTransaction::Msg_ReleaseLayer Processing error: message was deserialized, but the handler returned false (indicating failure)

IPDL protocol error: Handler returned error code!

###!!! [Parent][DispatchAsyncMessage] Error: PLayerTransaction::Msg_ReleaseLayer Processing error: message was deserialized, but the handler returned false (indicating failure)

IPDL protocol error: Handler returned error code!

###!!! [Parent][DispatchAsyncMessage] Error: PLayerTransaction::Msg_ReleaseLayer Processing error: message was deserialized, but the handler returned false (indicating failure)

IPDL protocol error: Handler returned error code!

###!!! [Parent][DispatchAsyncMessage] Error: PLayerTransaction::Msg_ReleaseLayer Processing error: message was deserialized, but the handler returned false (indicating failure)

IPDL protocol error: Handler returned error code!

###!!! [Parent][DispatchAsyncMessage] Error: PLayerTransaction::Msg_ReleaseLayer Processing error: message was deserialized, but the handler returned false (indicating failure)

IPDL protocol error: Handler returned error code!

###!!! [Parent][DispatchAsyncMessage] Error: PLayerTransaction::Msg_ReleaseLayer Processing error: message was deserialized, but the handler returned false (indicating failure)

IPDL protocol error: Handler returned error code!

###!!! [Parent][DispatchAsyncMessage] Error: PLayerTransaction::Msg_ReleaseLayer Processing error: message was deserialized, but the handler returned false (indicating failure)

IPDL protocol error: Handler returned error code!

###!!! [Parent][DispatchAsyncMessage] Error: PLayerTransaction::Msg_ReleaseLayer Processing error: message was deserialized, but the handler returned false (indicating failure)

Gtk-Message: 12:31:15.879: Failed to load module "pantheon-filechooser-module"
1602226876332	Marionette	INFO	Listening on port 34973
1602226876388	Marionette	WARN	TLS certificate errors will be ignored for this session
1602226877315	Marionette	INFO	Stopped listening on port 37877
JavaScript error: , line 0: uncaught exception: undefined
1602226955838	geckodriver	INFO	Listening on 127.0.0.1:47865
1602226955852	mozrunner::runner	INFO	Running command: "/usr/bin/firefox" "--marionette" "-foreground" "-no-remote" "-profile" "/tmp/rust_mozprofileubpMHR"
Gtk-Message: 12:32:35.884: Failed to load module "pantheon-filechooser-module"
Gtk-Message: 12:32:37.184: Failed to load module "pantheon-filechooser-module"
Gtk-Message: 12:32:37.373: Failed to load module "pantheon-filechooser-module"
console.error: SearchCache: "_readCacheFile: Error reading cache file:" (new Error("", "(unknown module)"))
Gtk-Message: 12:32:39.312: Failed to load module "pantheon-filechooser-module"
1602226959630	Marionette	INFO	Listening on port 37069
1602226959670	Marionette	WARN	TLS certificate errors will be ignored for this session
IPDL protocol error: Handler returned error code!

###!!! [Parent][DispatchAsyncMessage] Error: PLayerTransaction::Msg_ReleaseLayer Processing error: message was deserialized, but the handler returned false (indicating failure)

IPDL protocol error: Handler returned error code!

###!!! [Parent][DispatchAsyncMessage] Error: PLayerTransaction::Msg_ReleaseLayer Processing error: message was deserialized, but the handler returned false (indicating failure)

IPDL protocol error: Handler returned error code!

###!!! [Parent][DispatchAsyncMessage] Error: PLayerTransaction::Msg_ReleaseLayer Processing error: message was deserialized, but the handler returned false (indicating failure)

IPDL protocol error: Handler returned error code!

###!!! [Parent][DispatchAsyncMessage] Error: PLayerTransaction::Msg_ReleaseLayer Processing error: message was deserialized, but the handler returned false (indicating failure)

IPDL protocol error: Handler returned error code!

###!!! [Parent][DispatchAsyncMessage] Error: PLayerTransaction::Msg_ReleaseLayer Processing error: message was deserialized, but the handler returned false (indicating failure)

IPDL protocol error: Handler returned error code!

###!!! [Parent][DispatchAsyncMessage] Error: PLayerTransaction::Msg_ReleaseLayer Processing error: message was deserialized, but the handler returned false (indicating failure)

IPDL protocol error: Handler returned error code!

###!!! [Parent][DispatchAsyncMessage] Error: PLayerTransaction::Msg_ReleaseLayer Processing error: message was deserialized, but the handler returned false (indicating failure)

IPDL protocol error: Handler returned error code!

###!!! [Parent][DispatchAsyncMessage] Error: PLayerTransaction::Msg_ReleaseLayer Processing error: message was deserialized, but the handler returned false (indicating failure)

IPDL protocol error: Handler returned error code!

###!!! [Parent][DispatchAsyncMessage] Error: PLayerTransaction::Msg_ReleaseLayer Processing error: message was deserialized, but the handler returned false (indicating failure)


###!!! [Child][RunMessage] Error: Channel closing: too late to send/recv, messages will be lost


###!!! [Child][RunMessage] Error: Channel closing: too late to send/recv, messages will be lost

console.error: Region.jsm: "Error fetching region" (new AbortError("The operation was aborted. ", (void 0), 697))
console.error: Region.jsm: "Failed to fetch region" (new Error("NO_RESULT", "resource://gre/modules/Region.jsm", 351))
1602226964413	Marionette	INFO	Stopped listening on port 34973
Gtk-Message: 12:33:28.895: Failed to load module "pantheon-filechooser-module"
Gtk-Message: 12:33:30.309: Failed to load module "pantheon-filechooser-module"
1602227015256	Marionette	INFO	Stopped listening on port 37069
